<?xml version="1.0" encoding="UTF-8"?>
<!-- Generated by org.testng.reporters.JUnitReportReporter -->
<testsuite hostname="DESKTOP-A60CBK5" failures="0" tests="1" name="DWS_TestCases.TC001_AssertBooksTab" time="23.349" errors="0" timestamp="2022-12-08T21:21:16 IST" skipped="0">
  <testcase classname="DWS_TestCases.TC001_AssertBooksTab" name="AssertBooksTab" time="23.349"/>
  <system-out/>
</testsuite> <!-- DWS_TestCases.TC001_AssertBooksTab -->
