<?xml version="1.0" encoding="UTF-8"?>
<!-- Generated by org.testng.reporters.JUnitReportReporter -->
<testsuite hostname="LAPTOP-4L2HOUV8" failures="0" tests="1" name="com.Search.tests.GoogleSearch" time="8.135" errors="0" timestamp="2021-10-04T00:11:20 IST" skipped="0">
  <testcase classname="com.Search.tests.GoogleSearch" name="TC01" time="8.135"/>
  <system-out/>
</testsuite> <!-- com.Search.tests.GoogleSearch -->
