<?xml version="1.0" encoding="UTF-8"?>
<!-- Generated by org.testng.reporters.JUnitReportReporter -->
<testsuite hostname="DESKTOP-A60CBK5" failures="0" tests="1" name="com.Search.tests.GoogleSearch1" time="63.343" errors="0" timestamp="2022-12-08T20:32:48 IST" skipped="0">
  <testcase classname="com.Search.tests.GoogleSearch1" name="TC01" time="63.343"/>
  <system-out/>
</testsuite> <!-- com.Search.tests.GoogleSearch1 -->
