<?xml version="1.0" encoding="UTF-8"?>
<!-- Generated by org.testng.reporters.JUnitReportReporter -->
<testsuite hostname="DESKTOP-A60CBK5" failures="0" tests="1" name="com.Search.tests.GoogleSearch" time="18.492" errors="0" timestamp="2022-12-08T18:05:43 IST" skipped="0">
  <testcase classname="com.Search.tests.GoogleSearch" name="TC01" time="18.492"/>
  <system-out/>
</testsuite> <!-- com.Search.tests.GoogleSearch -->
