<?xml version="1.0" encoding="UTF-8"?>
<!-- Generated by org.testng.reporters.JUnitReportReporter -->
<testsuite hostname="DESKTOP-A60CBK5" failures="0" tests="1" name="DWS_TestCases.TC002Login" time="41.744" errors="0" timestamp="2022-12-08T23:28:33 IST" skipped="0">
  <testcase classname="DWS_TestCases.TC002Login" name="login" time="41.744"/>
  <system-out/>
</testsuite> <!-- DWS_TestCases.TC002Login -->
