<?xml version="1.0" encoding="UTF-8"?>
<!-- Generated by org.testng.reporters.JUnitReportReporter -->
<testsuite hostname="DESKTOP-A60CBK5" failures="0" tests="1" name="com.Search.tests.A" time="0.021" errors="0" timestamp="2022-12-08T18:13:32 IST" skipped="0">
  <testcase classname="com.Search.tests.A" name="dummt" time="0.021"/>
  <system-out/>
</testsuite> <!-- com.Search.tests.A -->
