<?xml version="1.0" encoding="UTF-8"?>
<!-- Generated by org.testng.reporters.JUnitReportReporter -->
<testsuite hostname="LAPTOP-A630U333" failures="0" tests="1" name="DWS_TestCases.TC002Register" time="5.436" errors="0" timestamp="2022-12-10T14:42:19 IST" skipped="0">
  <testcase classname="DWS_TestCases.TC002Register" name="register" time="5.436"/>
  <system-out/>
</testsuite> <!-- DWS_TestCases.TC002Register -->
