<?xml version="1.0" encoding="UTF-8"?>
<!-- Generated by org.testng.reporters.JUnitReportReporter -->
<testsuite hostname="LAPTOP-A630U333" failures="0" tests="1" name="DWS_TestCases.TC004EndtoEnd" time="12.119" errors="0" timestamp="2022-12-12T10:31:20 IST" skipped="0">
  <testcase classname="DWS_TestCases.TC004EndtoEnd" name="endtoend" time="12.119"/>
  <system-out/>
</testsuite> <!-- DWS_TestCases.TC004EndtoEnd -->
